
2024/09/07 (17:46:43) | ===> btop++ v.1.3.2
2024/09/07 (17:46:43) | WARNING: ROCm SMI: Failed to get device name
2024/09/07 (17:46:43) | WARNING: ROCm SMI: Failed to get maximum GPU power draw, defaulting to 225W
2024/09/07 (17:46:43) | WARNING: ROCm SMI: Failed to get maximum GPU temperature, defaulting to 110°C
2024/09/07 (17:46:43) | WARNING: ROCm SMI: Failed to get VRAM utilization
2024/09/07 (17:46:43) | WARNING: ROCm SMI: Failed to get GPU power usage
2024/09/07 (17:46:43) | WARNING: ROCm SMI: Failed to get PCIe throughput

2024/09/07 (17:48:55) | ===> btop++ v.1.3.2
2024/09/07 (17:48:55) | WARNING: ROCm SMI: Failed to get device name
2024/09/07 (17:48:55) | WARNING: ROCm SMI: Failed to get maximum GPU power draw, defaulting to 225W
2024/09/07 (17:48:55) | WARNING: ROCm SMI: Failed to get maximum GPU temperature, defaulting to 110°C
2024/09/07 (17:48:55) | WARNING: ROCm SMI: Failed to get VRAM utilization
2024/09/07 (17:48:55) | WARNING: ROCm SMI: Failed to get GPU power usage
2024/09/07 (17:48:55) | WARNING: ROCm SMI: Failed to get PCIe throughput

2024/09/07 (17:51:44) | ===> btop++ v.1.3.2
2024/09/07 (17:51:44) | WARNING: ROCm SMI: Failed to get device name
2024/09/07 (17:51:44) | WARNING: ROCm SMI: Failed to get maximum GPU power draw, defaulting to 225W
2024/09/07 (17:51:44) | WARNING: ROCm SMI: Failed to get maximum GPU temperature, defaulting to 110°C
2024/09/07 (17:51:44) | WARNING: ROCm SMI: Failed to get VRAM utilization
2024/09/07 (17:51:44) | WARNING: ROCm SMI: Failed to get GPU power usage
2024/09/07 (17:51:44) | WARNING: ROCm SMI: Failed to get PCIe throughput

2024/09/07 (17:52:42) | ===> btop++ v.1.3.2
2024/09/07 (17:52:42) | WARNING: ROCm SMI: Failed to get device name
2024/09/07 (17:52:42) | WARNING: ROCm SMI: Failed to get maximum GPU power draw, defaulting to 225W
2024/09/07 (17:52:42) | WARNING: ROCm SMI: Failed to get maximum GPU temperature, defaulting to 110°C
2024/09/07 (17:52:42) | WARNING: ROCm SMI: Failed to get VRAM utilization
2024/09/07 (17:52:42) | WARNING: ROCm SMI: Failed to get GPU power usage
2024/09/07 (17:52:42) | WARNING: ROCm SMI: Failed to get PCIe throughput

2024/09/07 (18:26:34) | ===> btop++ v.1.3.2
2024/09/07 (18:26:34) | WARNING: ROCm SMI: Failed to get device name
2024/09/07 (18:26:34) | WARNING: ROCm SMI: Failed to get maximum GPU power draw, defaulting to 225W
2024/09/07 (18:26:34) | WARNING: ROCm SMI: Failed to get maximum GPU temperature, defaulting to 110°C
2024/09/07 (18:26:34) | WARNING: ROCm SMI: Failed to get VRAM utilization
2024/09/07 (18:26:34) | WARNING: ROCm SMI: Failed to get GPU power usage
2024/09/07 (18:26:34) | WARNING: ROCm SMI: Failed to get PCIe throughput

2024/09/07 (18:28:18) | ===> btop++ v.1.3.2
2024/09/07 (18:28:18) | WARNING: ROCm SMI: Failed to get device name
2024/09/07 (18:28:18) | WARNING: ROCm SMI: Failed to get maximum GPU power draw, defaulting to 225W
2024/09/07 (18:28:18) | WARNING: ROCm SMI: Failed to get maximum GPU temperature, defaulting to 110°C
2024/09/07 (18:28:18) | WARNING: ROCm SMI: Failed to get VRAM utilization
2024/09/07 (18:28:18) | WARNING: ROCm SMI: Failed to get GPU power usage
2024/09/07 (18:28:18) | WARNING: ROCm SMI: Failed to get PCIe throughput

2024/09/07 (18:28:45) | ===> btop++ v.1.3.2
2024/09/07 (18:28:45) | WARNING: ROCm SMI: Failed to get device name
2024/09/07 (18:28:45) | WARNING: ROCm SMI: Failed to get maximum GPU power draw, defaulting to 225W
2024/09/07 (18:28:45) | WARNING: ROCm SMI: Failed to get maximum GPU temperature, defaulting to 110°C
2024/09/07 (18:28:45) | WARNING: ROCm SMI: Failed to get VRAM utilization
2024/09/07 (18:28:45) | WARNING: ROCm SMI: Failed to get GPU power usage
2024/09/07 (18:28:45) | WARNING: ROCm SMI: Failed to get PCIe throughput

2024/09/07 (19:22:45) | ===> btop++ v.1.3.2
2024/09/07 (19:22:45) | WARNING: ROCm SMI: Failed to get device name
2024/09/07 (19:22:45) | WARNING: ROCm SMI: Failed to get maximum GPU power draw, defaulting to 225W
2024/09/07 (19:22:45) | WARNING: ROCm SMI: Failed to get maximum GPU temperature, defaulting to 110°C
2024/09/07 (19:22:45) | WARNING: ROCm SMI: Failed to get VRAM utilization
2024/09/07 (19:22:45) | WARNING: ROCm SMI: Failed to get GPU power usage
2024/09/07 (19:22:45) | WARNING: ROCm SMI: Failed to get PCIe throughput

2024/09/07 (20:49:27) | ===> btop++ v.1.3.2
2024/09/07 (20:49:27) | WARNING: ROCm SMI: Failed to get device name
2024/09/07 (20:49:27) | WARNING: ROCm SMI: Failed to get maximum GPU power draw, defaulting to 225W
2024/09/07 (20:49:27) | WARNING: ROCm SMI: Failed to get maximum GPU temperature, defaulting to 110°C
2024/09/07 (20:49:27) | WARNING: ROCm SMI: Failed to get VRAM utilization
2024/09/07 (20:49:27) | WARNING: ROCm SMI: Failed to get GPU power usage
2024/09/07 (20:49:27) | WARNING: ROCm SMI: Failed to get PCIe throughput

2024/09/07 (21:04:26) | ===> btop++ v.1.3.2
2024/09/07 (21:04:26) | WARNING: ROCm SMI: Failed to get device name
2024/09/07 (21:04:26) | WARNING: ROCm SMI: Failed to get maximum GPU power draw, defaulting to 225W
2024/09/07 (21:04:26) | WARNING: ROCm SMI: Failed to get maximum GPU temperature, defaulting to 110°C
2024/09/07 (21:04:26) | WARNING: ROCm SMI: Failed to get VRAM utilization
2024/09/07 (21:04:26) | WARNING: ROCm SMI: Failed to get GPU power usage
2024/09/07 (21:04:26) | WARNING: ROCm SMI: Failed to get PCIe throughput

2024/09/08 (19:59:36) | ===> btop++ v.1.3.2
2024/09/08 (19:59:36) | WARNING: ROCm SMI: Failed to get device name
2024/09/08 (19:59:36) | WARNING: ROCm SMI: Failed to get maximum GPU power draw, defaulting to 225W
2024/09/08 (19:59:36) | WARNING: ROCm SMI: Failed to get maximum GPU temperature, defaulting to 110°C
2024/09/08 (19:59:36) | WARNING: ROCm SMI: Failed to get VRAM utilization
2024/09/08 (19:59:36) | WARNING: ROCm SMI: Failed to get GPU power usage
2024/09/08 (19:59:36) | WARNING: ROCm SMI: Failed to get PCIe throughput
